<?xml version="1.0" encoding="UTF-8"?>
<!-- Generated by org.testng.reporters.JUnitXMLReporter -->
<testsuite ignored="0" hostname="VG" failures="0" tests="3" name="Default test" time="0.051" errors="0" timestamp="2024-02-13T17:34:44 IST">
  <testcase classname="java_prep.Reverse_String" name="StrBuffer" time="0.008"/>
  <testcase classname="java_prep.Reverse_String" name="charArray" time="0.001"/>
  <testcase classname="java_prep.Reverse_String" name="stringConcat" time="0.001"/>
</testsuite> <!-- Default test -->
